2011-05-22 09:55:49,120 - mailLogger - INFO - receive mail from test
2011-05-22 09:55:51,438 - mailLogger - INFO - receive mail from test3
10:13:11 11/05/22 send INFO:i am ok
15:04:10 11/05/22 receive INFO:downloading 1229 <bcaec517ad0ae5454504a3c9cb77@google.com>
15:04:43 11/05/22 receive INFO:downloading 1230 <698919CA19E38AD78C6D5A1A9A5DECD1E703212C@PuDu>
15:04:44 11/05/22 receive INFO:downloading 1231 <973ce6b8415bdacc26cf83d1b08f193b@m.facebook.com>
15:06:11 11/05/22 receive INFO:down 1 <AANLkTiku5wEx8=AM=9q7gX6kVqu4bJWsOo8B2cDmsVu4@mail.gmail.com>
15:06:12 11/05/22 receive INFO:down 2 <AANLkTin8T26_JpGje61H-V8_bS=PZLHPED_jhzTni6oW@mail.gmail.com>
15:06:12 11/05/22 receive INFO:down 3 <AANLkTi=nfSFJO=1Dj9fSnyf9CazN1NQe5V8AtBASvyh3@mail.gmail.com>
15:06:13 11/05/22 receive INFO:down 4 <AANLkTim=pOqbEyN5pkOZKMRDp0V4DLEcvB16RoJBQyvb@mail.gmail.com>
15:06:14 11/05/22 receive INFO:down 5 <1249fc5.10c9.12eff3aa902.Coremail.mdtang@126.com>
15:06:18 11/05/22 receive INFO:down 6 <AANLkTi=MhOvBCLsX=xMatm9x_RYy_kV9AKmEYrtkP5my@mail.gmail.com>
15:06:22 11/05/22 receive INFO:down 7 <AANLkTi=RpAYRc_s=fBXph6T3uQWbJf-viqguvZ=TJ=Fp@mail.gmail.com>
15:06:26 11/05/22 receive INFO:down 8 <BANLkTimWefkpB=Ode1Vcwb8m9R66zUR4Hw@mail.gmail.com>
15:06:28 11/05/22 receive INFO:down 9 <AANLkTikGzHCdkkuzbD3VBQf89bvE4LHZKjDitYuQsxkE@mail.gmail.com>
15:06:29 11/05/22 receive INFO:down 10 <BANLkTim-3Ys7ntiowj+ScZgubt5QSQ1-tw@mail.gmail.com>
15:06:41 11/05/22 receive INFO:down 11 <AANLkTimGsoaWPtfeftJGfnVTfwmjmkeZ3Loeu8y0t+JW@mail.gmail.com>
15:06:42 11/05/22 receive INFO:down 12 <AANLkTikqyK1XKMwOhYnbqNvQ7dm3Pb6vm7wYiOkgF23k@mail.gmail.com>
15:06:44 11/05/22 receive INFO:down 13 <AANLkTim6O=Ysa+_cqwn_F28GMZZf3x=wb5fPma5V_99o@mail.gmail.com>
15:06:46 11/05/22 receive INFO:down 14 <201103291204352964675@songshulin.net>
15:07:07 11/05/22 receive INFO:down 15 <BANLkTi=7WRKmPTw6Oq7ZVo3UL0X=XkjoaQ@mail.gmail.com>
15:07:09 11/05/22 receive INFO:down 16 <0015177412f42c67a5049f9ac4c0@google.com>
15:07:09 11/05/22 receive INFO:down 17 <001301cbedf0$d4ad4410$8109a8c0@WWWD0B3803835F>
15:07:10 11/05/22 receive INFO:down 18 <AANLkTikHKNh025Ctb-zHw27nFZM7mTVOqwiCERubrKSr@mail.gmail.com>
15:07:11 11/05/22 receive INFO:down 19 <AANLkTikpKF42cag9Bapmtm8NKTpWVfPzPS5DCPVSJj9N@mail.gmail.com>
15:07:12 11/05/22 receive INFO:down 20 <AANLkTinbSzJAxh7GwWNsSdWYTc+-fmRBhCtJQzjoKfEf@mail.gmail.com>
15:07:14 11/05/22 receive INFO:down 21 <000601cbee08$7f256fa0$7d704ee0$@net>
15:07:15 11/05/22 receive INFO:down 22 <AANLkTinfUPZhp55Ne4Fppbbk1ds8ocvTAzf1uvhC0=yT@mail.gmail.com>
15:07:17 11/05/22 receive INFO:down 23 <BANLkTimuSrd289wRmpX6Rgf_wzc=LJKPjA@mail.gmail.com>
15:07:23 11/05/22 receive INFO:down 24 <90e6ba613db47c902d049fa08837@google.com>
15:07:24 11/05/22 receive INFO:down 25 <BANLkTimydzMYZ3FpQz7RpJAG1MSZZK0Tbg@mail.gmail.com>
15:07:31 11/05/22 receive INFO:down 26 <4d921c0c.8111e70a.34a9.0928@mx.google.com>
15:07:42 11/05/22 receive INFO:down 27 <AANLkTi=PF-xER_LWRaWcNRkdgrwMu0vzQRE0s65VnNyg@mail.gmail.com>
15:07:47 11/05/22 receive INFO:down 28 <626248060929895746@unknownmsgid>
15:07:49 11/05/22 receive INFO:down 29 <AANLkTi=JGoSTp71OsNQMyyt0i05MS9jhqp=VQwGtp_nS@mail.gmail.com>
15:07:51 11/05/22 receive INFO:down 30 <AANLkTinRwf5yrhpa5XUXGBt6d4ZqOqx6M6G=OnD23uMG@mail.gmail.com>
15:07:52 11/05/22 receive INFO:down 31 <AANLkTikxYTQZb9FWLTCzp6OA0f1dzn-Gj6bzNAujtQJ1@mail.gmail.com>
15:07:53 11/05/22 receive INFO:down 32 <BANLkTikr+jjSXXsYNpZ1RUo9+VN=FVAfag@mail.gmail.com>
15:07:54 11/05/22 receive INFO:down 33 <BANLkTimWojggK6NEbxOnLU+NYQNFYETQhQ@mail.gmail.com>
15:07:56 11/05/22 receive INFO:down 34 <AANLkTinBYp7veejy=ZVPq6c7wf+ho_SEvA-KjT_O55Z7@mail.gmail.com>
15:07:58 11/05/22 receive INFO:down 35 <18209282.143811301453974216.JavaMail.hermes@yt-webmail14>
15:07:59 11/05/22 receive INFO:down 36 <AANLkTikuOe0T2O19rBAWdyb2neypxUF6NgMrv1fAC8ia@mail.gmail.com>
15:08:04 11/05/22 receive INFO:down 37 <AANLkTikrEuzHwmFYjfoaDEC_R_DfF35zBkmopuFjd5rg@mail.gmail.com>
15:08:06 11/05/22 receive INFO:down 38 <BANLkTim_QjYL0bdu_TMFA=Kxo=Ud3PyK=w@mail.gmail.com>
15:08:11 11/05/22 receive INFO:down 39 <AANLkTikQ8hWb6X9MPSGLenNZxUbi4nfi0ZPnr2wGv6AB@mail.gmail.com>
15:08:16 11/05/22 receive INFO:down 40 <AANLkTikWuqvup5atycdqcU_yPrg4eXwTWj+B+EEHFRiq@mail.gmail.com>
15:08:19 11/05/22 receive INFO:down 41 <AANLkTi=jCHMHTVniukraeZb-5HYHrNSKeOXCKXABes8g@mail.gmail.com>
15:08:21 11/05/22 receive INFO:down 42 <AANLkTinOrZMzW+Y+vVU4AqX73pP=vo9OssE0mzpQ8atd@mail.gmail.com>
15:08:26 11/05/22 receive INFO:down 43 <AANLkTikDJcZ=zUGZSsFhRGVAoqsi0+bQD4EhYnaFMF9U@mail.gmail.com>
15:08:29 11/05/22 receive INFO:down 44 <AANLkTik8=Bfew9xBmZme7yKf67_wbZD6tCi3oayW8EhC@mail.gmail.com>
15:08:32 11/05/22 receive INFO:down 45 <AANLkTi=t3sZcR+3U_JU4rC_WojJNXGDN=hqCFTNrJUbW@mail.gmail.com>
15:08:33 11/05/22 receive INFO:down 46 <AANLkTi=TeTL4tFLmuvwL=zBV5to6QG_QA47k=_jkow_p@mail.gmail.com>
15:08:35 11/05/22 receive INFO:down 47 <AANLkTi=TsQ5sPD=TdGYbymJM1NmU3cgghJnScLn4+JVj@mail.gmail.com>
15:08:37 11/05/22 receive INFO:down 48 <AANLkTikqRn5pnCOjRqDaa0dnB-jR5Zw9SiG9-FUSDBkO@mail.gmail.com>
15:08:43 11/05/22 receive INFO:down 49 <AANLkTi=+_MrN=NY5edGRQ6TeEzEencTbwW9U9U8TOEo-@mail.gmail.com>
15:08:49 11/05/22 receive INFO:down 50 <AANLkTinNGfQaD=zLLwf2ppRcm+NVBPyd+ed5LOZxyr7R@mail.gmail.com>
15:08:53 11/05/22 receive INFO:down 51 <AANLkTik0mn3WtQx3Tw9JsQBT65WJdz6-RjeSG-Ueq3V5@mail.gmail.com>
15:08:58 11/05/22 receive INFO:down 52 <AANLkTikUXuaX1ssKEgMGqSKT6C=qHwQPKY+i-ehFX6Jf@mail.gmail.com>
15:09:00 11/05/22 receive INFO:down 53 <AANLkTinU1rsr3dcCGdP69Zm_7iJ1DucG0VGpu_1=U0jX@mail.gmail.com>
15:09:03 11/05/22 receive INFO:down 54 <AANLkTinKh9NeDvWeLuzozMvFz9Kke9Tp1V7eqtLv-xwA@mail.gmail.com>
15:09:12 11/05/22 receive INFO:down 55 <AANLkTimF7-pmhc0KuS+9yvDa7WdeEG+6rXfKUy0LALM_@mail.gmail.com>
15:09:14 11/05/22 receive INFO:down 56 <5A304CCD-DF58-42D7-8333-91B5271B3FAC@gmail.com>
15:09:16 11/05/22 receive INFO:down 57 <AANLkTi=n-5OhZO4bNpuViMHw=YP_yY_af3U8ygma3GWm@mail.gmail.com>
15:09:18 11/05/22 receive INFO:down 58 <BANLkTi=E-XjYZZF4uTGhizVXg-Eu5FBPGQ@mail.gmail.com>
15:09:19 11/05/22 receive INFO:down 59 <AANLkTik0YF6e9Dx6geP+PMfiNMHch5t=AWsy3ViZ5gT2@mail.gmail.com>
15:09:20 11/05/22 receive INFO:down 60 <AANLkTikux+RHOAe9c4LSq_kcmKK6DO72sJ8zwd_sOeAr@mail.gmail.com>
15:09:21 11/05/22 receive INFO:down 61 <AANLkTikg_Wmgo84ZGMC4YyUgMHniqv7v065ofdj6L-uv@mail.gmail.com>
15:09:24 11/05/22 receive INFO:down 62 <3DDAE7FB-387B-432B-BAB6-CB6193BE6CB1@gmail.com>
15:09:26 11/05/22 receive INFO:down 63 <AANLkTi=tEkqawH7g7=cpfMhPC1B8NbhM99+uux3rzm46@mail.gmail.com>
15:09:28 11/05/22 receive INFO:down 64 <AANLkTi=uCjpPFg3rbv+3juhLGkOMosWq6xKmp7GVcDh7@mail.gmail.com>
15:09:28 11/05/22 receive INFO:down 65 <AANLkTikssMUq9whxy-AE0OHMohWCDBpJVw1Eue=6WAna@mail.gmail.com>
15:09:33 11/05/22 receive INFO:down 66 <AANLkTi=U0dbGSSFYqczjKZHnkRWRH4Vbrh2KxcRiCVye@mail.gmail.com>
15:09:38 11/05/22 receive INFO:down 67 <6636639F-F156-481D-B0C5-0C66BBC21380@gmail.com>
15:09:41 11/05/22 receive INFO:down 68 <BANLkTikwCu1OtgeWbh3qp-m92s5v-DKnrw@mail.gmail.com>
15:09:46 11/05/22 receive INFO:down 69 <AANLkTin9xwALmPb2EcCuFvh__XJLkCReA3qDVTCy38wZ@mail.gmail.com>
15:09:50 11/05/22 receive INFO:down 70 <AANLkTi=qzuKVsZS04yNS9wUWu5-babr3SbY4o4dsu=dy@mail.gmail.com>
15:09:52 11/05/22 receive INFO:down 71 <AANLkTin0aw8qs+7HC-ytxt3H_txBUYfr17vyTSM+BcDL@mail.gmail.com>
15:09:54 11/05/22 receive INFO:down 72 <AANLkTik2ucv8_t5SPRyTiTN-Jr5FWQPrE2B3OnDvQyez@mail.gmail.com>
15:09:57 11/05/22 receive INFO:down 73 <BANLkTi=6zsVi_xWx4Ym=qGCu_+M66+b_vA@mail.gmail.com>
15:09:58 11/05/22 receive INFO:down 74 <AANLkTimPdFzO_wxgxJSkJy7hV67aLAwrF0ZUJ4xX+H5u@mail.gmail.com>
15:10:00 11/05/22 receive INFO:down 75 <AANLkTin=g9x22mSL9dUh8Xh97=-dhyo5BeJ2brx8=EoU@mail.gmail.com>
15:10:01 11/05/22 receive INFO:down 76 <AANLkTi=Wzwi+1bMmOycB0eq_5GGr8j65NvSefb2ROQLn@mail.gmail.com>
15:10:07 11/05/22 receive INFO:down 77 <AANLkTimwr=GG3WJ022kf_Ew+wq0GhM7tEjP9q4qizC26@mail.gmail.com>
15:10:11 11/05/22 receive INFO:down 78 <AANLkTi=Vo3r_DvOW_zXZtunDMQ=z1CskO1j4At0xvgyA@mail.gmail.com>
15:10:18 11/05/22 receive INFO:down 79 <AANLkTinYf9fOvHCiWS3E7FQJ5vb4W9=ySaq-pX7YPCiw@mail.gmail.com>
15:10:21 11/05/22 receive INFO:down 80 <AANLkTinLf3jROfuX5HRM1nWM7QA6e6o308xukMUFYdp+@mail.gmail.com>
15:10:23 11/05/22 receive INFO:down 81 <AANLkTind1BUU6bhyeOR8jCDFZwctUaNiOfsgWEX-wEVs@mail.gmail.com>
15:10:25 11/05/22 receive INFO:down 82 <AANLkTi=qRG6mGQbmiZvPSE6D-Dw8Gn9i5bMVyVwStQdx@mail.gmail.com>
15:10:37 11/05/22 receive INFO:down 83 <AANLkTi=rmyOk0BMMC7QVZMS-FhywNABafpAL2k1Ekkt-@mail.gmail.com>
15:10:45 11/05/22 receive INFO:down 84 <AANLkTinToipWtt0opKtgXqb2-AQwvzgOmUBPPB_jBVMA@mail.gmail.com>
15:10:53 11/05/22 receive INFO:down 85 <AANLkTi=YE_Ou5eB_8jinDwWWDEKW90OSL6u1JRov=EMe@mail.gmail.com>
15:10:55 11/05/22 receive INFO:down 86 <AANLkTikACNjx-hGsNL125Tpptwj-WbM-bfkuNM+CcCNx@mail.gmail.com>
15:10:57 11/05/22 receive INFO:down 87 <20110330143925.114FBE4068@mx41.csdn.net>
15:11:05 11/05/22 receive INFO:down 88 <AANLkTi=y=MUCAix9d8r=g=Fwcr32WdBQUmnDSLK87NAn@mail.gmail.com>
15:11:06 11/05/22 receive INFO:down 89 <AANLkTik2e1Bwe93Ac3+D_rGusz1b34ArDk=UM-mdiZGn@mail.gmail.com>
15:11:10 11/05/22 receive INFO:down 90 <AANLkTimf3Aoq9vNrtJBtvB4b5jA8Dg2PVfGwG5QAeVyH@mail.gmail.com>
15:11:13 11/05/22 receive INFO:down 91 <AANLkTikCSifj3B04c_OtPdXHQJJXxPhNS2qoeadaTkRE@mail.gmail.com>
15:11:18 11/05/22 receive INFO:down 92 <AANLkTik8mp3AusyuSFZpOZq7+_PEa2re6C9PKSZtb7Ja@mail.gmail.com>
15:11:20 11/05/22 receive INFO:down 93 <BANLkTikQEM=8bJTdpFsUyYaJzA3BWK2qCg@mail.gmail.com>
15:11:23 11/05/22 receive INFO:down 94 <AANLkTi=HO+WkypRrH88N9QeaEOB1J-UnT9b1Xj2qiijY@mail.gmail.com>
15:11:38 11/05/22 receive INFO:down 95 <90e6ba1efa262a9f52049fb60083@google.com>
15:11:41 11/05/22 receive INFO:down 96 <AANLkTimZ7rbihdhipLOw80b-pLDq=FZdjLrEGFfuOcjh@mail.gmail.com>
15:11:47 11/05/22 receive INFO:down 97 <4d936dac.231a8f0a.6c9f.12c7@mx.google.com>
15:11:49 11/05/22 receive INFO:down 98 <1223686215.1162@couchbase.com>
15:11:51 11/05/22 receive INFO:down 99 <AANLkTim3_BTnbx-6p77mxa+YM2mRbomSQ3-rpb0qt2Ob@mail.gmail.com>
15:11:53 11/05/22 receive INFO:down 100 <003001cbef48$b1c7dba0$155792e0$@net>
15:11:56 11/05/22 receive INFO:down 101 <9fdedda8df27fccff0ab3963686b8924@blog.99fang.com>
15:12:00 11/05/22 receive INFO:down 102 <AANLkTinXxL0cGWXHi4wWL-j8W-f0gLm4kWqdsv8Ned_Q@mail.gmail.com>
15:12:02 11/05/22 receive INFO:down 103 <4cad9290082ed9a639801b1c5ce4b780@blog.99fang.com>
15:12:03 11/05/22 receive INFO:down 104 <001517476a4679700f049fbef53a@google.com>
15:12:04 11/05/22 receive INFO:down 105 <AANLkTinzRSQ5VzkVnOeuvURq-yCEC0F1MOtLgF4AqYgy@mail.gmail.com>
15:12:06 11/05/22 receive INFO:down 106 <00151747af3ea96f4d049fbf1288@google.com>
15:12:07 11/05/22 receive INFO:down 107 <BANLkTi=tHZ9=0mK-Gfg+Np1_FOcJz2uJTg@mail.gmail.com>
15:12:08 11/05/22 receive INFO:down 108 <006301cbef6c$f9c86f40$ed594dc0$@net>
15:12:09 11/05/22 receive INFO:down 109 <001517402a085d9753049fc1b4ef@google.com>
15:12:13 11/05/22 receive INFO:down 110 <AANLkTikv6wjFancw7M2HBGuS7zjSFuDN_14r0kvnyZgd@mail.gmail.com>
15:12:16 11/05/22 receive INFO:down 111 <AANLkTiny0c4AGLp5tZMq-vDwA9YTuiDaSaRdymjskM4v@mail.gmail.com>
15:12:19 11/05/22 receive INFO:down 112 <007101cbef7c$e1fa46d0$a5eed470$@net>
15:12:22 11/05/22 receive INFO:down 113 <AANLkTikZhW4oKBXQ8YNUkiX395VXyEkR5_iYBx192KJU@mail.gmail.com>
15:12:30 11/05/22 receive INFO:down 114 <AANLkTinXKqtWzLDWNthmOAppfxpTFnY9kq1kcAJkardr@mail.gmail.com>
15:12:34 11/05/22 receive INFO:down 115 <BANLkTik371GAiJUZeLD6Ekn58UgzGaqdYA@mail.gmail.com>
15:12:37 11/05/22 receive INFO:down 116 <BANLkTik77yB=VW-Zh8a_faGtBzzY9EYHDQ@mail.gmail.com>
15:12:45 11/05/22 receive INFO:down 117 <AANLkTinqPJEnbv1v2UL=2j6BrpXNrUdMLBFptZmMBwOC@mail.gmail.com>
15:12:47 11/05/22 receive INFO:down 118 <008a01cbef9a$cb8600b0$8109a8c0@WWWD0B3803835F>
15:12:57 11/05/22 receive INFO:down 119 <20cf30334ef9ae300c049fc7df1b@google.com>
15:12:59 11/05/22 receive INFO:down 120 <BANLkTinKjRgWtSfdFr_8atx0LF+7W1XA1A@mail.gmail.com>
15:13:00 11/05/22 receive INFO:down 121 <BANLkTikjpJB93GQ+8_wh3TMHsEzU=crApw@mail.gmail.com>
15:13:03 11/05/22 receive INFO:down 122 <AANLkTi=XsZfvuNEk7AEJPy1SC+zQz3p+DCd-PXGDCLLL@mail.gmail.com>
15:13:05 11/05/22 receive INFO:down 123 <0015173ffa2a19ae0c049fcac1b7@google.com>
15:13:10 11/05/22 receive INFO:down 124 <4d94bf2e.04558f0a.4acf.6156@mx.google.com>
15:13:11 11/05/22 receive INFO:down 125 <00504502c8f2981910049fd015b5@google.com>
15:13:13 11/05/22 receive INFO:down 126 <BANLkTi=40k_CrarmscRALsa=GgrHe45a9w@mail.gmail.com>
15:13:15 11/05/22 receive INFO:down 127 <AANLkTimuYNPpM6srmxPXqcLKEpaxLLXJVfcPiDgUtECy@mail.gmail.com>
15:13:16 11/05/22 receive INFO:down 128 <000e0cd47eb4d278ec049fd47592@google.com>
15:13:19 11/05/22 receive INFO:down 129 <AANLkTi=tA=iFC2o86PrjyzV_2owkTgfEHtRX2KBza8F1@mail.gmail.com>
15:13:21 11/05/22 receive INFO:down 130 <AANLkTi=thXyQmkZzgcGh2YCJX9_VBCLvb1pg7w5baTFg@mail.gmail.com>
15:13:22 11/05/22 receive INFO:down 131 <BANLkTikSDiRgJ=LMJ-3aPeJn65iJ8aFiCA@mail.gmail.com>
15:13:24 11/05/22 receive INFO:down 132 <BANLkTimE2qPU_M6B-T5xna8Xm11zwnmg5w@mail.gmail.com>
15:13:26 11/05/22 receive INFO:down 133 <20110401114257.20193.qmail@kaixin001.com>
15:13:36 11/05/22 receive INFO:down 134 <20cf30334ef985ae49049fdd6ec7@google.com>
15:13:38 11/05/22 receive INFO:down 135 <4d9610f2.44842a0a.0831.6cfb@mx.google.com>
15:13:39 11/05/22 receive INFO:down 136 <201104012301229792685@gmail.com>
15:13:43 11/05/22 receive INFO:down 137 <BANLkTimyALmjbkbrpXpXewYiR5FEtGtqyg@mail.gmail.com>
15:13:46 11/05/22 receive INFO:down 138 <AANLkTimQunDZH=rScW-ixv6nzcqnajc4C9tArM1bj+E_@mail.gmail.com>
15:13:48 11/05/22 receive INFO:down 139 <BANLkTikSLqviq_Z7YBLN5LHC-k4DO=5jtA@mail.gmail.com>
15:13:50 11/05/22 receive INFO:down 140 <AANLkTi=kxXVqL75mh8dXRnpSWe3-wqHKoN7p7NGjJvwy@mail.gmail.com>
15:13:51 11/05/22 receive INFO:down 141 <BANLkTinGEC5spUNfUgP0O6WHstgrGA5ARA@mail.gmail.com>
15:13:53 11/05/22 receive INFO:down 142 <AANLkTi=EoOeen_1ZJtQ_qP+G8iEPqrmkvA3sZkCkmXbY@mail.gmail.com>
15:13:54 11/05/22 receive INFO:down 143 <AANLkTin8VPxzH4_6G30ioRTys8+aM4A0vTFFy3SM-y2O@mail.gmail.com>
15:13:57 11/05/22 receive INFO:down 144 <BANLkTimNrCtZTeODjmr8Pht8dLM3fzsaow@mail.gmail.com>
15:13:58 11/05/22 receive INFO:down 145 <BANLkTinkpiNemc59ixFG6jcCTqXwquAbjQ@mail.gmail.com>
15:13:59 11/05/22 receive INFO:down 146 <BANLkTikwGcdYa+iE4FjZQ+-nQ9Fm3zW+Mw@mail.gmail.com>
15:14:01 11/05/22 receive INFO:down 147 <BANLkTikPGBB7NBcCdkvWJ4Litz-hdsOQ9g@mail.gmail.com>
15:14:21 11/05/22 receive INFO:down 148 <90e6ba3fd98f500807049ff09931@google.com>
15:14:24 11/05/22 receive INFO:down 149 <BANLkTi=-EzgH6zrw1_w-JUm_EHvEfZhWsw@mail.gmail.com>
15:14:28 11/05/22 receive INFO:down 150 <4d976288.02978e0a.4de1.ffffed92@mx.google.com>
15:14:31 11/05/22 receive INFO:down 151 <000e0cd32c8c632168049ffa38f1@google.com>
15:14:35 11/05/22 receive INFO:down 152 <BANLkTimW4WOkWqJ5pcCbtbeBxLjRiM4Zxw@mail.gmail.com>
15:14:37 11/05/22 receive INFO:down 153 <BANLkTim5Z82LW=K-Av_ecnJdMKqMXnn0CA@mail.gmail.com>
15:14:38 11/05/22 receive INFO:down 154 <BANLkTiktBChL1QYhE7SnTCWp8r6kF_3uHA@mail.gmail.com>
15:14:40 11/05/22 receive INFO:down 155 <4d146fac.8ef.12f1aa3155a.Coremail.crespo791011@126.com>
15:14:41 11/05/22 receive INFO:down 156 <BANLkTim2Y3fwvfOBiCkm3H6FgYF8q3cMEA@mail.gmail.com>
15:14:43 11/05/22 receive INFO:down 157 <BANLkTimP6qPjAZRxb2eB6yiCT=Z2yhjsmg@mail.gmail.com>
15:15:21 11/05/22 receive INFO:down 158 <90e6ba3fd98f4438bc04a004a553@google.com>
15:15:22 11/05/22 receive INFO:down 159 <BANLkTi=L__hyZDSt5npWaPnBfq+1ib0+jg@mail.gmail.com>
15:15:23 11/05/22 receive INFO:down 160 <20110403173735.D69A1D7800C@42qu.com>
15:15:29 11/05/22 receive INFO:down 161 <4d98b3f3.0a548f0a.6e50.2597@mx.google.com>
15:15:30 11/05/22 receive INFO:down 162 <000e0cd148c81df5de04a0101251@google.com>
15:15:32 11/05/22 receive INFO:down 163 <BANLkTikShJSkLvhMSdhP+mpikeoHcmgrCA@mail.gmail.com>
15:15:33 11/05/22 receive INFO:down 164 <BANLkTi=HkCUghKUOwxM_HHpo1q3DKOZPrg@mail.gmail.com>
15:15:42 11/05/22 receive INFO:down 165 <BANLkTi=QNbbLz+3stLjf5_i51OdXgaFYCw@mail.gmail.com>
15:15:43 11/05/22 receive INFO:down 166 <20cf3010ed839947b904a010abcb@google.com>
15:15:44 11/05/22 receive INFO:down 167 <20cf30363f7d83b55f04a010cf03@google.com>
15:15:46 11/05/22 receive INFO:down 168 <1659091.49b5.12f1f85077c.Coremail.mdtang@126.com>
15:15:47 11/05/22 receive INFO:down 169 <BANLkTik5Ago8MSv63zFQKJsPT-SMQKpn=w@mail.gmail.com>
15:15:47 11/05/22 receive INFO:down 170 <BANLkTinmwMJkbmfbW44uJecJ2Y9HO-5m=Q@mail.gmail.com>
15:15:50 11/05/22 receive INFO:down 171 <90e6ba1efa26cc475804a0189edd@google.com>
15:15:54 11/05/22 receive INFO:down 172 <4d9a05b1.cd03e70a.098d.00b1@mx.google.com>
15:15:56 11/05/22 receive INFO:down 173 <BANLkTikth1y+UsRyfvOoFUCYhHkp1AHpQA@mail.gmail.com>
15:15:58 11/05/22 receive INFO:down 174 <BANLkTimUYk0YhN=xdAgn6hiFP=kmMuSatw@mail.gmail.com>
15:16:00 11/05/22 receive INFO:down 175 <BANLkTind_GN-gCyGabt6vJpkv41042jMTQ@mail.gmail.com>
15:16:00 11/05/22 receive INFO:down 176 <BANLkTimNmjx+2AQ2LO2X2OqXxNE5Sn57ew@mail.gmail.com>
15:16:02 11/05/22 receive INFO:down 177 <BANLkTins-3CCd4csQYsNDt3C0GN58jzkRA@mail.gmail.com>
15:16:03 11/05/22 receive INFO:down 178 <BANLkTikq7P5kNX4UQFsA6x8TnvQakXBAiA@mail.gmail.com>
15:16:04 11/05/22 receive INFO:down 179 <BANLkTikwHHK2wjSUWKO5j-kt=5pdFFzUMg@mail.gmail.com>
15:16:05 11/05/22 receive INFO:down 180 <BANLkTi=QobdUXPL=xZm3fF6Hpp-PQm_iEQ@mail.gmail.com>
15:16:08 11/05/22 receive INFO:down 181 <BANLkTikv0dQybAZYwvmbMMoy8GCqZcMBwQ@mail.gmail.com>
15:16:10 11/05/22 receive INFO:down 182 <000c01cbf374$85c55890$915009b0$@net>
15:16:13 11/05/22 receive INFO:down 183 <0015175cd546ac8c8a04a02a75e7@google.com>
15:16:14 11/05/22 receive INFO:down 184 <bcaec51b15f186d1b604a02aa4a3@google.com>
15:16:15 11/05/22 receive INFO:down 185 <bcaec51b1e0177932504a02aec95@google.com>
15:16:17 11/05/22 receive INFO:down 186 <20cf300e4cf7ce563104a02b425b@google.com>
15:16:18 11/05/22 receive INFO:down 187 <20cf30334969be11e004a02b54c6@google.com>
15:16:19 11/05/22 receive INFO:down 188 <bcaec51b1e0116338404a02bd826@google.com>
15:16:23 11/05/22 receive INFO:down 189 <20cf300faf75b24cb204a02bedf7@google.com>
15:16:29 11/05/22 receive INFO:down 190 <90e6ba614962dae9cc04a02ca125@google.com>
15:16:33 11/05/22 receive INFO:down 191 <BANLkTinREEXVxGLPj0yVhLjBnCbc7Mc5gg@mail.gmail.com>
15:16:38 11/05/22 receive INFO:down 192 <e91b4574d5d1709a9dc4f7ab7e7529c8de9.20110405140426@mail9.us2.mcsv.net>
15:16:42 11/05/22 receive INFO:down 193 <BANLkTikMiWix+KSTco0+aSO6_5tUevDySA@mail.gmail.com>
15:16:48 11/05/22 receive INFO:down 194 <4d9b56af.d014e70a.2da5.3ab2@mx.google.com>
15:16:51 11/05/22 receive INFO:down 195 <20cf300fb253b5028a04a0357f5d@google.com>
15:16:55 11/05/22 receive INFO:down 196 <BANLkTi=x-z57JD6zmZGPdA_CxgNiGuzCBg@mail.gmail.com>
15:16:57 11/05/22 receive INFO:down 197 <BANLkTi=JwxyNVa34pvdT4d1GL-pNCuMR=Q@mail.gmail.com>
15:16:58 11/05/22 receive INFO:down 198 <BANLkTinwNxgc+V_eAYbEnqEq_tZQt4+Pqg@mail.gmail.com>
15:17:00 11/05/22 receive INFO:down 199 <7861478757143653256@unknownmsgid>
15:17:01 11/05/22 receive INFO:down 200 <BANLkTi=F2gALWAAdtTRtTHxcZGrhpqKELA@mail.gmail.com>
15:17:04 11/05/22 receive INFO:down 201 <tencent_127A8B4110CC18FD2AA41C77@qq.com>
15:17:13 11/05/22 receive INFO:down 202 <006801cbf3ff$46167cc0$8109a8c0@WWWD0B3803835F>
15:17:17 11/05/22 receive INFO:down 203 <BANLkTi=3jxxaWasdX94MwM5GJvh1Y6jJjQ@mail.gmail.com>
15:17:19 11/05/22 receive INFO:down 204 <BANLkTinwLgi1fGmTvh=2UdkHj4To2SM-sw@mail.gmail.com>
15:17:21 11/05/22 receive INFO:down 205 <BANLkTinJyftS2+zRrhFduGj8v5u9i6t5Zg@mail.gmail.com>
15:17:23 11/05/22 receive INFO:down 206 <BANLkTim4eP2wB_7Y_T+bxetZyH-QBObtcA@mail.gmail.com>
15:17:27 11/05/22 receive INFO:down 207 <BANLkTik3oGSacTYr9QsT=neNjgNbxMreHA@mail.gmail.com>
15:17:34 11/05/22 receive INFO:down 208 <201104061015310560907@songshulin.net>
15:17:37 11/05/22 receive INFO:down 209 <005401cbf400$ecf508d0$c6df1a70$@net>
15:17:39 11/05/22 receive INFO:down 210 <4D9BD022.3010300@songshulin.net>
15:17:40 11/05/22 receive INFO:down 211 <821A6885C65E46ABA8A0BB0125AC97B1@songshulin.net>
15:17:42 11/05/22 receive INFO:down 212 <BANLkTi=ZZDHGbSjmgkNZfJqr4087ybvAuQ@mail.gmail.com>
15:17:43 11/05/22 receive INFO:down 213 <20cf300faf3bcf317504a03916a9@google.com>
15:17:45 11/05/22 receive INFO:down 214 <20cf300e4cf7381a8c04a0392526@google.com>
15:17:48 11/05/22 receive INFO:down 215 <20cf3010ed832c656904a03949cd@google.com>
15:17:51 11/05/22 receive INFO:down 216 <20cf3005dc4a8a975c04a0395708@google.com>
15:17:54 11/05/22 receive INFO:down 217 <BANLkTimtiyoxXW0i_rJxFPVOX1yvGxLsOA@mail.gmail.com>
15:17:56 11/05/22 receive INFO:down 218 <BANLkTikY=1kNdNT4imKgvyg9ns9NPzKXLQ@mail.gmail.com>
15:17:57 11/05/22 receive INFO:down 219 <0016e646900eedc1e604a039653d@google.com>
15:17:59 11/05/22 receive INFO:down 220 <20cf303349695624ea04a0397453@google.com>
15:18:00 11/05/22 receive INFO:down 221 <BANLkTikQJsN+ZYX=O9E1H28SRJH9fAtf3w@mail.gmail.com>
15:18:02 11/05/22 receive INFO:down 222 <20cf30334969dddf7504a039e740@google.com>
15:18:02 11/05/22 receive INFO:down 223 <BANLkTinZnt+ztzZAOsW559dg0ZWjC+R=dw@mail.gmail.com>
15:18:04 11/05/22 receive INFO:down 224 <BANLkTi=9ivxnFFYafhAwW8fzerT-BepOEA@mail.gmail.com>
15:18:04 11/05/22 receive INFO:down 225 <0015175cdbdc771de404a03a573a@google.com>
15:18:07 11/05/22 receive INFO:down 226 <BANLkTi=5LYm0da+i=0QxCiUJGM9Cfi=D2A@mail.gmail.com>
15:18:09 11/05/22 receive INFO:down 227 <BANLkTimoEdW02T=BKMmKyECS5y9Rym=fAQ@mail.gmail.com>
15:18:10 11/05/22 receive INFO:down 228 <BANLkTimeQSO+SOAeJH+wnRPBTmXrBqXgag@mail.gmail.com>
15:18:12 11/05/22 receive INFO:down 229 <0015175cd546a2a58b04a03a7075@google.com>
15:18:13 11/05/22 receive INFO:down 230 <BANLkTin=BvoTiYEowf3didZj06sp_4m0Mg@mail.gmail.com>
15:18:14 11/05/22 receive INFO:down 231 <BANLkTimx0ZtD3t-TtM9oM7pkFBeQ_L5-Dw@mail.gmail.com>
15:18:15 11/05/22 receive INFO:down 232 <20cf300fb2530f880504a03a7f51@google.com>
15:18:18 11/05/22 receive INFO:down 233 <BANLkTi=ZEP8EM8V_8qpLJr-JCanjNvmgAw@mail.gmail.com>
15:18:21 11/05/22 receive INFO:down 234 <BANLkTikTme=wnN8TzCuLOcpJpwyCZCibGw@mail.gmail.com>
15:18:22 11/05/22 receive INFO:down 235 <BANLkTimJv+8NC24SmhfyGXTkbhdS3OCTsw@mail.gmail.com>
15:18:24 11/05/22 receive INFO:down 236 <BANLkTimMR5H1i=Sh48jCqVuw-VFXsLciCw@mail.gmail.com>
15:18:29 11/05/22 receive INFO:down 237 <BANLkTikVe4AEdOD3yzzzpe8676X_1NJ_Fw@mail.gmail.com>
15:18:30 11/05/22 receive INFO:down 238 <BANLkTiknYPsHmUz+q+W55VBs8oj7=cn9pw@mail.gmail.com>
15:18:33 11/05/22 receive INFO:down 239 <BANLkTinLunqQqx19X60c30dJDoPn98GLsA@mail.gmail.com>
15:18:36 11/05/22 receive INFO:down 240 <BANLkTik_3rK-5MiymqKKdGyz84Dm+8=jUQ@mail.gmail.com>
15:18:38 11/05/22 receive INFO:down 241 <BANLkTikvahjVZMwF=evRU52Mzo4M-2Ovmw@mail.gmail.com>
15:18:38 11/05/22 receive INFO:down 242 <BANLkTi=h+HYTLuc8OjE5nDap71nvJw5eaA@mail.gmail.com>
15:18:40 11/05/22 receive INFO:down 243 <BANLkTi=3YCuXaAFextVPb87Aupnw=Eg0AQ@mail.gmail.com>
15:18:47 11/05/22 receive INFO:down 244 <BANLkTi=X35aRMCLJEQ5=8O8OLzd5y85a3g@mail.gmail.com>
15:18:49 11/05/22 receive INFO:down 245 <BANLkTim-L5c08jscHvTHxmohW5iAT-utyA@mail.gmail.com>
15:18:54 11/05/22 receive INFO:down 246 <011101cbf454$1b228b30$5167a190$@net>
15:18:57 11/05/22 receive INFO:down 247 <BANLkTikr5z54UuEZJ2jR-EXScYi5LGmo4w@mail.gmail.com>
15:19:00 11/05/22 receive INFO:down 248 <a75aef8ccb2ee5383021ff2d5430bc76@blog.99fang.com>
15:19:07 11/05/22 receive INFO:down 249 <90e6ba61496258792e04a04157ab@google.com>
15:19:09 11/05/22 receive INFO:down 250 <BANLkTikienH+UiBaC6vZzzaJZ4Oa86uVpA@mail.gmail.com>
15:19:10 11/05/22 receive INFO:down 251 <BANLkTi=KS0=npgHHVm8CvE3NZNkEc8GJ1A@mail.gmail.com>
15:19:16 11/05/22 receive INFO:down 252 <0015174c1446542c3104a0418257@google.com>
15:19:18 11/05/22 receive INFO:down 253 <BANLkTi=Mwy=FX6N84D7wpdzs8MjAwtNFuA@mail.gmail.com>
15:19:24 11/05/22 receive INFO:down 254 <4d9ca8ed.29d6e70a.4757.2bcd@mx.google.com>
15:19:24 11/05/22 receive INFO:down 255 <BANLkTik9dfayh58ZBvUdBso+60OYNS1J4A@mail.gmail.com>
15:19:26 11/05/22 receive INFO:down 256 <BANLkTik=FL5oUVp_qww+Lyb6GjHhKXKyfg@mail.gmail.com>
15:19:28 11/05/22 receive INFO:down 257 <003001cbf4c9$8010a750$8109a8c0@WWWD0B3803835F>
15:19:28 11/05/22 receive INFO:down 258 <ddfb202df2bb8195f8dd19ef46f64935@bd.admin.t.sina.com.cn>
15:19:29 11/05/22 receive INFO:down 259 <BANLkTimrmvUP_hLsDb-6wcT3EO2A1VN3Ug@mail.gmail.com>
15:19:31 11/05/22 receive INFO:down 260 <0015174029ee03abb104a04f106e@google.com>
15:19:32 11/05/22 receive INFO:down 261 <0016e64a8650d74d7604a0505750@google.com>
15:19:34 11/05/22 receive INFO:down 262 <BANLkTi=h35jKT_cn0ziXD7zqSLVWYrosTA@mail.gmail.com>
15:19:35 11/05/22 receive INFO:down 263 <BANLkTikQzLYioqN5ekT2XLWfn28PaWgpbA@mail.gmail.com>
15:19:37 11/05/22 receive INFO:down 264 <20cf303e9f560b951604a051df77@google.com>
15:19:39 11/05/22 receive INFO:down 265 <00151747af3e45f53004a051e084@google.com>
15:19:41 11/05/22 receive INFO:down 266 <BANLkTikKKc=TTbEB81EU7X2=evMKcj5r8w@mail.gmail.com>
15:19:43 11/05/22 receive INFO:down 267 <BANLkTi=m1sFKTfv_Jv=y3bR4uC8A7oamQg@mail.gmail.com>
15:21:15 11/05/22 receive INFO:down 268 <BANLkTi=SBedmWSQd0kR-JcrCXzLnGCDqxw@mail.gmail.com>
15:21:29 11/05/22 receive INFO:down 269 <90e6ba1efa2644ac7404a054b0a5@google.com>
15:21:31 11/05/22 receive INFO:down 270 <BANLkTi=po3nRzCXJJXKxgLnhGGdbWqsu5g@mail.gmail.com>
15:21:33 11/05/22 receive INFO:down 271 <BANLkTi=oa0ZdOOnB_XVTMbLiA=CaEQwibA@mail.gmail.com>
15:21:35 11/05/22 receive INFO:down 272 <BANLkTinhPKb-VUL-+WpgfYXitP+L3HZcAg@mail.gmail.com>
15:21:37 11/05/22 receive INFO:down 273 <BANLkTi=m4cwd32D8jLPEG4vJv28G83uuRw@mail.gmail.com>
15:21:38 11/05/22 receive INFO:down 274 <BANLkTikjtsRmfWvF2Ce6a9EwKEuX4s8mfQ@mail.gmail.com>
15:21:40 11/05/22 receive INFO:down 275 <BANLkTimcZZCEYL7CJ-FcuBNtCOM7sWCtSg@mail.gmail.com>
15:21:47 11/05/22 receive INFO:down 276 <BANLkTikxEktQG2xFX4Ux-vmoNf7xPnF_zA@mail.gmail.com>
15:21:52 11/05/22 receive INFO:down 277 <BANLkTi=soz7Sfxafq6MxAdj_Mkv_yQiQCQ@mail.gmail.com>
15:21:55 11/05/22 receive INFO:down 278 <BANLkTinw0EtofexJJ8Mi2_9Fw6thg0ZCyw@mail.gmail.com>
15:21:57 11/05/22 receive INFO:down 279 <BANLkTi=3OANw1jEMz9xzAdtdEZZoF2g2GA@mail.gmail.com>
15:21:59 11/05/22 receive INFO:down 280 <9299E3FB-5CBD-45CE-996E-45BEDBA3617F@gmail.com>
15:22:04 11/05/22 receive INFO:down 281 <BANLkTin85YHsE8tXJdU_eQGnF6yfFyD4Jw@mail.gmail.com>
15:22:10 11/05/22 receive INFO:down 282 <04A00F78-9C29-4D71-8EB5-0B782C07B4BC@gmail.com>
15:22:14 11/05/22 receive INFO:down 283 <BANLkTin4c+wWnJLk_9C-GR1zUTm+idStVA@mail.gmail.com>
15:22:26 11/05/22 receive INFO:down 284 <BANLkTi=hHrRJdHqAxDE8Haix1wkbmfv6rg@mail.gmail.com>
15:22:28 11/05/22 receive INFO:down 285 <BANLkTikXZ7vq+M93XGiNYfwBXeJt+DmS+g@mail.gmail.com>
15:22:29 11/05/22 receive INFO:down 286 <BANLkTimERKNsBwrfwo9HDCn-FGkt4NoBtw@mail.gmail.com>
15:22:33 11/05/22 receive INFO:down 287 <BANLkTi=axK7_-LLz=UrhTS8uep82xtw+3w@mail.gmail.com>
15:22:40 11/05/22 receive INFO:down 288 <4d9dfa31.29d7e70a.2f39.5dd3@mx.google.com>
15:22:42 11/05/22 receive INFO:down 289 <BANLkTik1v+NZqBqc8KyH4mzAxzuX092sAg@mail.gmail.com>
15:22:43 11/05/22 receive INFO:down 290 <tencent_198EE96955497BCA5086892B@qq.com>
15:22:44 11/05/22 receive INFO:down 291 <BANLkTin9jUvM9QiLhteX=u9P+UjvCP6TbQ@mail.gmail.com>
15:22:47 11/05/22 receive INFO:down 292 <BANLkTi=WvDkcSxhkY+DF7M23XVx=+himWA@mail.gmail.com>
15:22:49 11/05/22 receive INFO:down 293 <BANLkTim9EDj0bi7DBrD+3_0=vy9Ee2LwOQ@mail.gmail.com>
15:22:52 11/05/22 receive INFO:down 294 <BANLkTinyfuVhoj6EEAugQdsrR=AZ_P=1xw@mail.gmail.com>
15:22:55 11/05/22 receive INFO:down 295 <BANLkTik+5dtW4OD4bOSkkPhcx-TFgegHVw@mail.gmail.com>
15:23:02 11/05/22 receive INFO:down 296 <BANLkTi=677v+aK2t+REyV5xpXCSnLXfHVg@mail.gmail.com>
15:23:09 11/05/22 receive INFO:down 297 <BANLkTinvv-qasOF9pjjmeM2h_oQgc03LcQ@mail.gmail.com>
15:23:12 11/05/22 receive INFO:down 298 <BANLkTikj2N8UqB33QQSuA87TL3bhROjqmg@mail.gmail.com>
15:23:14 11/05/22 receive INFO:down 299 <BANLkTikKhxMWL1yyyPLU2YFte_jskiN2-Q@mail.gmail.com>
15:23:38 11/05/22 receive INFO:down 300 <BANLkTim3T8sFp8BKJTLELiXiyPSNANRtJg@mail.gmail.com>
15:23:42 11/05/22 receive INFO:down 301 <BANLkTi=BhF2hPxSN4xy+TBxMytDJiyNfmQ@mail.gmail.com>
15:23:45 11/05/22 receive INFO:down 302 <4d9e6cb3.0e402b0a.6777.67f8@mx.google.com>
15:23:48 11/05/22 receive INFO:down 303 <4d9e6e6f.29d7e70a.1c20.6e87@mx.google.com>
15:23:57 11/05/22 receive INFO:down 304 <BANLkTikK83XSybmX_MQpeiqNAAZ-b3jaPA@mail.gmail.com>
15:24:01 11/05/22 receive INFO:down 305 <BANLkTimj+mL231M57W623qxo6c=EyUx6AA@mail.gmail.com>
15:24:05 11/05/22 receive INFO:down 306 <003301cbf597$948a0090$bd9e01b0$@net>
15:24:12 11/05/22 receive INFO:down 307 <BANLkTinnheNTsYr8GqbNJ5dkDJHV0vhiuA@mail.gmail.com>
15:24:15 11/05/22 receive INFO:down 308 <002f01cbf59b$ecbb3960$8109a8c0@WWWD0B3803835F>
15:24:20 11/05/22 receive INFO:down 309 <BANLkTin6-_05j7GhK57TiPd-EXA1635AdA@mail.gmail.com>
15:24:22 11/05/22 receive INFO:down 310 <BANLkTimvZpj4n3-BbCGOB9HpDTT9hGPX5g@mail.gmail.com>
15:24:23 11/05/22 receive INFO:down 311 <BANLkTikMbP6kpzrVeA78LCrD7nVz7J8+MA@mail.gmail.com>
15:24:24 11/05/22 receive INFO:down 312 <38A99B69-4138-4F73-9D9C-28C9E8FB53A5@gmail.com>
15:24:25 11/05/22 receive INFO:down 313 <BANLkTi=wjGxVgQ2xKRVdmCEWuLwkvgw3yQ@mail.gmail.com>
15:24:26 11/05/22 receive INFO:down 314 <BANLkTinvO9aKEe3Nj-1s2Q7KDJQ0vtAgWw@mail.gmail.com>
15:24:29 11/05/22 receive INFO:down 315 <BANLkTim4uj-RDZPkqatTu_oWdZct+FvQDg@mail.gmail.com>
15:24:41 11/05/22 receive INFO:down 316 <1587256235794201385@unknownmsgid>
15:24:45 11/05/22 receive INFO:down 317 <006801cbf5b5$1b3cb480$51b61d80$@net>
15:24:48 11/05/22 receive INFO:down 318 <BANLkTinuS+qC4PTHQxeDR_9m4R+xU-Qz1Q@mail.gmail.com>
15:25:07 11/05/22 receive INFO:down 319 <BANLkTinN110Sh=VVkM_br6_qkS4g5fy-Ew@mail.gmail.com>
15:25:08 11/05/22 receive INFO:down 320 <110633fcb9b24efc04a12693cee1067f@blog.99fang.com>
15:25:11 11/05/22 receive INFO:down 321 <BANLkTinTRAL0ot84a65OY1zspdRctEGLpg@mail.gmail.com>
15:25:14 11/05/22 receive INFO:down 322 <4d9ed3ec.5c3ae70a.7190.7298@mx.google.com>
15:25:17 11/05/22 receive INFO:down 323 <BANLkTikQ8dki_QeWujMe0F5JvHHYGL-8Xg@mail.gmail.com>
15:25:19 11/05/22 receive INFO:down 324 <BANLkTik69Z=dWyFkUbtn9VMwOy5aRGQQ-g@mail.gmail.com>
15:25:20 11/05/22 receive INFO:down 325 <BANLkTikyhYisgwRrfaYKqU-U=ANwq2SEtg@mail.gmail.com>
15:25:22 11/05/22 receive INFO:down 326 <4d9ee3ae.0a13e70a.5168.ffff8712@mx.google.com>
15:25:24 11/05/22 receive INFO:down 327 <BANLkTikEG-0GasAcFNZ0q5E-zdVgUb68kQ@mail.gmail.com>
15:25:26 11/05/22 receive INFO:down 328 <00c701cbf5da$7c7d8e70$7578ab50$@net>
15:25:27 11/05/22 receive INFO:down 329 <BANLkTi=WecUN0javH7tgj=s0-hGTibqG+A@mail.gmail.com>
15:25:29 11/05/22 receive INFO:down 330 <BANLkTim3gb4Y7+D=bUg8QhsTSpUQMV46rw@mail.gmail.com>
15:25:34 11/05/22 receive INFO:down 331 <90e6ba613db40632f704a06a5969@google.com>
15:25:35 11/05/22 receive INFO:down 332 <BANLkTimH3GWfk5hWKrF8vQUCo3MSLDJe4g@mail.gmail.com>
15:25:42 11/05/22 receive INFO:down 333 <4d9f4b75.8b3b2b0a.2c18.ffff8d24@mx.google.com>
15:25:46 11/05/22 receive INFO:down 334 <bcaec52995a17c1cba04a0700c22@google.com>
15:25:47 11/05/22 receive INFO:down 335 <d830a75248ce7f8e046c8d442e059e41@blog.99fang.com>
15:25:48 11/05/22 receive INFO:down 336 <BANLkTimccKynX5ApAO8+eDVbJtyU-taJYQ@mail.gmail.com>
15:25:49 11/05/22 receive INFO:down 337 <4da0352f.0914e70a.6a73.ffffb51a@mx.google.com>
15:25:51 11/05/22 receive INFO:down 338 <BANLkTinZ2=qXO-7hpqPi1YR6FqwPqz_q4g@mail.gmail.com>
15:25:53 11/05/22 receive INFO:down 339 <BANLkTikrByejT67qiNE0FbW2GEv=pRxing@mail.gmail.com>
15:25:55 11/05/22 receive INFO:down 340 <BANLkTikXpD0yfM+d-f3mMXdFZ2NOSFi3TA@mail.gmail.com>
15:26:02 11/05/22 receive INFO:down 341 <90e6ba3fcdc76a2fd704a07dba55@google.com>
15:26:08 11/05/22 receive INFO:down 342 <4da09d09.d014e70a.6ed3.ffffc590@mx.google.com>
15:26:09 11/05/22 receive INFO:down 343 <4da186b0.01568f0a.0d0c.42a6@mx.google.com>
15:26:11 11/05/22 receive INFO:down 344 <20cf300fb4776a595204a08fee6d@google.com>
15:26:13 11/05/22 receive INFO:down 345 <0015175cd5467bea8904a090b021@google.com>
15:26:15 11/05/22 receive INFO:down 346 <20cf300fb31120f76c04a09103c8@google.com>
15:26:16 11/05/22 receive INFO:down 347 <0-11282426398352082991-3848824210429089980-mailgroup=googlecode.com@googlecode.com>
15:26:20 11/05/22 receive INFO:down 348 <90e6ba3fd98fdd8fa704a0919a85@google.com>
15:26:22 11/05/22 receive INFO:down 349 <4da1ef28.0a2f8f0a.5b63.5848@mx.google.com>
15:26:25 11/05/22 receive INFO:down 350 <BANLkTikXSdGGghDowT=fUnjcbbOiLpqnVg@mail.gmail.com>
15:26:27 11/05/22 receive INFO:down 351 <BANLkTikrx6-O3Jho48GMpbTpMU_RJ9pXSw@mail.gmail.com>
15:26:28 11/05/22 receive INFO:down 352 <BANLkTimu5DM0S=gwAFWgUxQrnOzEq8xpSQ@mail.gmail.com>
15:26:29 11/05/22 receive INFO:down 353 <BANLkTi=fVwWjOyVY1bZeUQYsq2-FUbt+gw@mail.gmail.com>
15:26:30 11/05/22 receive INFO:down 354 <bcaec51b1e23f36cff04a09b7815@google.com>
15:26:34 11/05/22 receive INFO:down 355 <BANLkTimzSfHN_5mwQD6FDVeqTS_GabpSTQ@mail.gmail.com>
15:26:35 11/05/22 receive INFO:down 356 <BANLkTikmEt6i-NDeFapoweKD+n38rV4mug@mail.gmail.com>
15:26:37 11/05/22 receive INFO:down 357 <4DA2871A.4000108@songshulin.net>
15:26:38 11/05/22 receive INFO:down 358 <BANLkTi=Ne7Lwjnbuk_xp=ry9yJ66WQXXuQ@mail.gmail.com>
15:26:48 11/05/22 receive INFO:down 359 <BANLkTi=km52khJsRFO2szPY2-yGi+SWy2w@mail.gmail.com>
15:26:49 11/05/22 receive INFO:down 360 <4da2d82d.cd03e70a.1572.18fe@mx.google.com>
15:26:56 11/05/22 receive INFO:down 361 <90e6ba3fcdc71acfe904a0a534b7@google.com>
15:26:59 11/05/22 receive INFO:down 362 <BANLkTi=4gQ_gu52RfoTVpyaHoczFG1Ac1g@mail.gmail.com>
